2023-05-25 10:42:02,826 INFO [image]                 Book.java:601  | 1 sheet in .\input\image.png
2023-05-25 10:42:03,213 INFO []                 Book.java:2515 | Stored /book.xml
2023-05-25 10:42:03,214 INFO []                 Book.java:2476 | Book stored as mxl\image.omr
2023-05-25 10:42:03,245 INFO []                 Book.java:1963 | Book reaching PAGE on sheets:[#1]
2023-05-25 10:42:03,248 INFO [image]       StepMonitoring.java:98   | LOAD
2023-05-25 10:42:03,586 INFO [image]                 Book.java:1845 | Loaded image 1 2560x1920 from .\input\image.png
2023-05-25 10:42:03,591 INFO [image]            ImageUtil.java:122  | Converting max RGB to gray
2023-05-25 10:42:03,805 INFO [image]       StepMonitoring.java:98   | BINARY
2023-05-25 10:42:04,792 INFO [image]       StepMonitoring.java:98   | SCALE
2023-05-25 10:42:04,875 INFO [image]         ScaleBuilder.java:234  | Beam  guessed height: 12 -- 0.50 of 23 interline
2023-05-25 10:42:04,877 INFO [image]         ScaleBuilder.java:257  | Beam measured height: 12 -- 0.35 of [6..23] range at 81% of needed quorum
2023-05-25 10:42:04,879 INFO [image]            ScaleStep.java:65   | Scale{ interline(22,23,24) line(1,2,4) beam(12)}
2023-05-25 10:42:04,886 INFO [image]       StepMonitoring.java:98   | GRID
2023-05-25 10:42:06,389 INFO [image]       LinesRetriever.java:1490 | Global slope: -0.00106
2023-05-25 10:42:06,487 INFO [image]    ClustersRetriever.java:334  | Retrieved line clusters: 6 of sizes [5] with interline(22,23,24)
2023-05-25 10:42:07,017 INFO [image]            PeakGraph.java:310  | Systems: #1[1, 2] #2[3, 4] #3[5, 6]
2023-05-25 10:42:08,374 INFO [image]        SystemManager.java:736  | 1 part along 3 systems
2023-05-25 10:42:08,380 INFO [image]                 Book.java:584  | Created scores: [{Score 1}]
2023-05-25 10:42:08,386 INFO [image]       StepMonitoring.java:98   | HEADERS
2023-05-25 10:42:09,376 INFO [image]      BasicClassifier.java:277  | Classifier loaded XML norms.
2023-05-25 10:42:09,413 INFO [image]   AbstractClassifier.java:396  | Classifier data loaded from default uri jar:file:/D:/Braille%20Sheet%20App/audiveris/build/distributions/Audiveris-5.3-beta/lib/audiveris.jar!/res/basic-classifier.zip
2023-05-25 10:42:12,094 INFO [image]       StepMonitoring.java:98   | STEM_SEEDS
2023-05-25 10:42:12,320 INFO [image]            ImageUtil.java:204  | Discarding alpha band ...
2023-05-25 10:42:12,547 INFO [image]            ImageUtil.java:122  | Converting max RGB to gray
2023-05-25 10:42:12,783 INFO [image]        StemSeedsStep.java:86   | stem(3 max:4)
2023-05-25 10:42:12,904 INFO [image]       StepMonitoring.java:98   | BEAMS
2023-05-25 10:42:19,288 INFO [image]       StepMonitoring.java:98   | LEDGERS
2023-05-25 10:42:19,944 INFO [image]       StepMonitoring.java:98   | HEADS
2023-05-25 10:42:27,474 INFO [image]        HeadSeedTally.java:235  | Scale information: HeadSeeds{NOTEHEAD_BLACK[L:0.2,R:0.3]}
2023-05-25 10:42:27,476 INFO [image]       StepMonitoring.java:98   | STEMS
2023-05-25 10:42:30,285 INFO [image]       StepMonitoring.java:98   | REDUCTION
2023-05-25 10:42:31,051 INFO [image]        ReductionStep.java:93   | Stems free length median value: 80 pixels, 3.5 interlines
2023-05-25 10:42:31,054 INFO [image]       StepMonitoring.java:98   | CUE_BEAMS
2023-05-25 10:42:31,056 INFO [image]         CueBeamsStep.java:81   | Step CUE_BEAMS is skipped because small heads switch is off
2023-05-25 10:42:31,058 INFO [image]       StepMonitoring.java:98   | TEXTS
2023-05-25 10:42:32,037 WARN [image]       TesseractOrder.java:420  | Could not initialize Tesseract lang: deu+eng+fra result: -1
2023-05-25 10:42:32,044 INFO [image]              OcrUtil.java:127  | No OCR'ed lines
2023-05-25 10:42:32,053 INFO [image]       StepMonitoring.java:98   | MEASURES
2023-05-25 10:42:32,070 INFO [image]                 Page.java:308  | 15 raw measures: [5 in system#1, 5 in system#2, 5 in system#3]
2023-05-25 10:42:32,072 INFO [image]       StepMonitoring.java:98   | CHORDS
2023-05-25 10:42:32,088 INFO [image]       StepMonitoring.java:98   | CURVES
2023-05-25 10:42:34,759 INFO [image]         SlursBuilder.java:240  | Slurs: 10
2023-05-25 10:42:35,007 INFO [image]      SegmentsBuilder.java:155  | Segments: 4
2023-05-25 10:42:35,027 INFO [image]       StepMonitoring.java:98   | SYMBOLS
2023-05-25 10:42:36,121 INFO [image]       StepMonitoring.java:98   | LINKS
2023-05-25 10:42:36,209 INFO [image]        SymbolsLinker.java:434  | No chord above PedalInter#2562{(0.185) PEDAL_MARK}
2023-05-25 10:42:36,251 INFO [image]        SymbolsLinker.java:434  | No chord above PedalInter#2564{(0.685) PEDAL_MARK}
2023-05-25 10:42:36,270 INFO [image]       StepMonitoring.java:98   | RHYTHMS
2023-05-25 10:42:36,492 INFO [image]       StepMonitoring.java:98   | PAGE
2023-05-25 10:42:36,508 INFO [image]                 Book.java:2535 | Book{image} storing
2023-05-25 10:42:36,676 INFO [image]                 Book.java:2515 | Stored /book.xml
2023-05-25 10:42:36,971 INFO [image]           DataHolder.java:348  | Stored /sheet#1/BINARY.png
2023-05-25 10:42:41,434 INFO [image]                Sheet.java:1531 | Stored /sheet#1/sheet#1.xml
2023-05-25 10:42:41,542 INFO [image]                 Book.java:2476 | Book stored as mxl\image.omr
2023-05-25 10:42:41,623 INFO [image]            SheetStub.java:1605 | Disposed sheet
2023-05-25 10:42:41,801 INFO [image]                 Book.java:2035 | End of Stub#1 memory: 29,899,488
2023-05-25 10:42:41,837 INFO [image]                 Book.java:584  | Created scores: [{Score null}]
2023-05-25 10:42:44,988 INFO [image]            SheetStub.java:1044 | Loaded /sheet#1/sheet#1.xml
2023-05-25 10:42:47,032 INFO [image]        ScoreExporter.java:164  | Score image exported to mxl\image.mxl
2023-05-25 10:42:47,091 INFO [image]                Score.java:187  | Closing {Score 1}
